\BOOKMARK [0][-]{chapter*.1}{\376\377\000R\000e\000s\000u\000m\000e\000n}{}% 1
\BOOKMARK [0][-]{chapter*.2}{\376\377\000A\000b\000s\000t\000r\000a\000c\000t}{}% 2
\BOOKMARK [0][-]{chapter*.4}{\376\377\000A\000g\000r\000a\000d\000e\000c\000i\000m\000i\000e\000n\000t\000o\000s}{}% 3
\BOOKMARK [1][-]{section.0.1}{\376\377\000I\000n\000v\000e\000s\000t\000i\000g\000a\000c\000i\000\363\000n\000\040\000P\000r\000e\000v\000i\000a}{chapter*.4}% 4
\BOOKMARK [2][-]{subsection.0.1.1}{\376\377\000M\000a\000c\000h\000i\000n\000e\000\040\000L\000e\000a\000r\000n\000i\000n\000g}{section.0.1}% 5
\BOOKMARK [2][-]{subsection.0.1.2}{\376\377\000D\000e\000e\000p\000\040\000L\000e\000a\000r\000n\000i\000n\000g}{section.0.1}% 6
\BOOKMARK [1][-]{section.0.2}{\376\377\000O\000b\000t\000e\000n\000c\000i\000\363\000n\000\040\000y\000\040\000A\000n\000\341\000l\000i\000s\000i\000s\000\040\000d\000e\000\040\000D\000a\000t\000o\000s}{chapter*.4}% 7
\BOOKMARK [2][-]{subsection.0.2.1}{\376\377\000C\000I\000C\000-\000I\000D\000S\000-\0002\0000\0001\0007\000\040\000D\000a\000t\000a\000S\000e\000t}{section.0.2}% 8
\BOOKMARK [2][-]{subsection.0.2.2}{\376\377\000U\000N\000S\000W\000-\000N\000B\0001\0005\000\040\000D\000a\000t\000a\000S\000e\000t}{section.0.2}% 9
\BOOKMARK [2][-]{subsection.0.2.3}{\376\377\000T\000o\000N\000\137\000I\000o\000T\000\040\000D\000a\000t\000a\000S\000e\000t}{section.0.2}% 10
\BOOKMARK [2][-]{subsection.0.2.4}{\376\377\000I\000o\000T\000-\0002\0003\000\040\000D\000a\000t\000a\000S\000e\000t}{section.0.2}% 11
\BOOKMARK [2][-]{subsection.0.2.5}{\376\377\000R\000e\000l\000a\000c\000i\000\363\000n\000\040\000e\000n\000t\000r\000e\000\040\000l\000o\000s\000\040\000d\000a\000t\000a\000s\000e\000t\000s}{section.0.2}% 12
\BOOKMARK [2][-]{subsection.0.2.6}{\376\377\000J\000u\000s\000t\000i\000f\000i\000c\000a\000c\000i\000\363\000n\000\040\000d\000e\000l\000\040\000e\000n\000f\000o\000q\000u\000e\000\040\000e\000n\000\040\000l\000a\000\040\000f\000a\000s\000e\000\040\000d\000e\000\040\000i\000n\000f\000e\000r\000e\000n\000c\000i\000a}{section.0.2}% 13
\BOOKMARK [2][-]{subsection.0.2.7}{\376\377\000O\000p\000t\000i\000m\000i\000z\000a\000c\000i\000\363\000n\000\040\000d\000e\000\040\000h\000i\000p\000e\000r\000p\000a\000r\000\341\000m\000e\000t\000r\000o\000s\000\040\000e\000s\000t\000r\000u\000c\000t\000u\000r\000a\000l\000e\000s}{section.0.2}% 14
\BOOKMARK [1][-]{section.0.3}{\376\377\000O\000p\000t\000u\000n\000a}{chapter*.4}% 15
\BOOKMARK [1][-]{section.0.4}{\376\377\000R\000e\000s\000u\000l\000t\000a\000d\000o\000s}{chapter*.4}% 16
\BOOKMARK [2][-]{subsection.0.4.1}{\376\377\000E\000n\000t\000o\000r\000n\000o\000\040\000d\000e\000\040\000p\000r\000u\000e\000b\000a\000s}{section.0.4}% 17
\BOOKMARK [2][-]{subsection.0.4.2}{\376\377\000M\000o\000d\000e\000l\000o\000s\000\040\000e\000n\000t\000r\000e\000n\000a\000d\000o\000s\000\040\000c\000o\000n\000\040\000U\000N\000S\000W\000-\000N\000B\0001\0005}{section.0.4}% 18
\BOOKMARK [2][-]{subsection.0.4.3}{\376\377\000M\000o\000d\000e\000l\000o\000s\000\040\000e\000n\000t\000r\000e\000n\000a\000d\000o\000s\000\040\000c\000o\000n\000\040\000I\000O\000T\000-\0002\0003}{section.0.4}% 19
\BOOKMARK [2][-]{subsection.0.4.4}{\376\377\000M\000o\000d\000e\000l\000o\000s\000\040\000e\000n\000t\000r\000e\000n\000a\000d\000o\000s\000\040\000c\000o\000n\000\040\000T\000o\000N\000-\000I\000o\000T}{section.0.4}% 20
\BOOKMARK [1][-]{section.0.5}{\376\377\000E\000v\000a\000l\000u\000a\000c\000i\000\363\000n\000\040\000d\000e\000\040\000r\000o\000b\000u\000s\000t\000e\000z\000\040\000f\000r\000e\000n\000t\000e\000\040\000a\000\040\000a\000t\000a\000q\000u\000e\000s\000\040\000a\000d\000v\000e\000r\000s\000a\000r\000i\000o\000s}{chapter*.4}% 21
\BOOKMARK [2][-]{subsection.0.5.1}{\376\377\000U\000s\000o\000\040\000d\000e\000\040\000A\000d\000v\000e\000r\000s\000a\000r\000i\000a\000l\000\040\000R\000o\000b\000u\000s\000t\000n\000e\000s\000s\000\040\000T\000o\000o\000l\000b\000o\000x}{section.0.5}% 22
